[2022-04-20T12:38:58+00:00][info] 
 2. 在 \APP\SERVICE\PRODUCTHANDLER 類，編寫一個函數，把商品以金額排序（由大至小），並篩選商品類種是 “DESSERT” 的商品。
[2022-04-20T12:38:58+00:00][info] ARRAY
(
    [1] => ARRAY
        (
            [ID] => 5
            [NAME] => NEW YORK CHEESE CAKE
            [TYPE] => DESSERT
            [PRICE] => 40
            [CREATE_AT] => 2021-04-19 14:38:00
        )

    [2] => ARRAY
        (
            [ID] => 4
            [NAME] => CUP CAKE
            [TYPE] => DESSERT
            [PRICE] => 35
            [CREATE_AT] => 2021-04-18 08:45:00
        )

)


[2022-04-20T12:38:58+00:00][info] 
 3. 在 \APP\SERVICE\PRODUCTHANDLER 類，編寫一個函數，把創建日期轉換為 UNIX TIMESTAMP。
[2022-04-20T12:38:58+00:00][info] ARRAY
(
    [0] => ARRAY
        (
            [ID] => 1
            [NAME] => COCA-COLA
            [TYPE] => DRINKS
            [PRICE] => 10
            [CREATE_AT] => 1618912800
        )

    [1] => ARRAY
        (
            [ID] => 2
            [NAME] => PERSI
            [TYPE] => DRINKS
            [PRICE] => 5
            [CREATE_AT] => 1618995600
        )

    [2] => ARRAY
        (
            [ID] => 3
            [NAME] => HAM SANDWICH
            [TYPE] => SANDWICH
            [PRICE] => 45
            [CREATE_AT] => 1618945200
        )

    [3] => ARRAY
        (
            [ID] => 4
            [NAME] => CUP CAKE
            [TYPE] => DESSERT
            [PRICE] => 35
            [CREATE_AT] => 1618735500
        )

    [4] => ARRAY
        (
            [ID] => 5
            [NAME] => NEW YORK CHEESE CAKE
            [TYPE] => DESSERT
            [PRICE] => 40
            [CREATE_AT] => 1618843080
        )

    [5] => ARRAY
        (
            [ID] => 6
            [NAME] => LEMON TEA
            [TYPE] => DRINKS
            [PRICE] => 8
            [CREATE_AT] => 1617564180
        )

)


